#
# There is insufficient memory for the Java Runtime Environment to continue.
# Native memory allocation (malloc) failed to allocate 958896 bytes for Chunk::new
# Possible reasons:
#   The system is out of physical RAM or swap space
#   The process is running with CompressedOops enabled, and the Java Heap may be blocking the growth of the native heap
# Possible solutions:
#   Reduce memory load on the system
#   Increase physical memory or swap space
#   Check if swap backing store is full
#   Decrease Java heap size (-Xmx/-Xms)
#   Decrease number of Java threads
#   Decrease Java thread stack sizes (-Xss)
#   Set larger code cache with -XX:ReservedCodeCacheSize=
#   JVM is running with Unscaled Compressed Oops mode in which the Java heap is
#     placed in the first 4GB address space. The Java Heap base address is the
#     maximum limit for the native heap growth. Please use -XX:HeapBaseMinAddress
#     to set the Java Heap base and to place the Java Heap above 4GB virtual address.
# This output file may be truncated or incomplete.
#
#  Out of Memory Error (./src/hotspot/share/memory/arena.cpp:197), pid=26636, tid=28296
#
# JRE version: OpenJDK Runtime Environment (11.0.13) (build 11.0.13+0-b1751.21-8125866)
# Java VM: OpenJDK 64-Bit Server VM (11.0.13+0-b1751.21-8125866, mixed mode, tiered, compressed oops, g1 gc, windows-amd64)
# No core dump will be written. Minidumps are not enabled by default on client versions of Windows
#

---------------  S U M M A R Y ------------

Command Line: --add-opens=java.base/java.util=ALL-UNNAMED --add-opens=java.base/java.lang=ALL-UNNAMED --add-opens=java.base/java.lang.invoke=ALL-UNNAMED --add-opens=java.base/java.util=ALL-UNNAMED --add-opens=java.prefs/java.util.prefs=ALL-UNNAMED --add-opens=java.prefs/java.util.prefs=ALL-UNNAMED --add-opens=java.base/java.nio.charset=ALL-UNNAMED --add-opens=java.base/java.net=ALL-UNNAMED --add-opens=java.base/java.util.concurrent.atomic=ALL-UNNAMED -Xmx2048m -Dfile.encoding=UTF-8 -Duser.country=GB -Duser.language=en -Duser.variant org.gradle.launcher.daemon.bootstrap.GradleDaemon 7.4

Host: Intel(R) Core(TM) i7-9750H CPU @ 2.60GHz, 12 cores, 15G,  Windows 11 , 64 bit Build 22000 (10.0.22000.1219)
Time: Sat Nov 19 21:01:59 2022 Romance Standard Time elapsed time: 5.955728 seconds (0d 0h 0m 5s)

---------------  T H R E A D  ---------------

Current thread (0x000001721ab88800):  JavaThread "C2 CompilerThread2" daemon [_thread_in_native, id=28296, stack(0x0000005ff4300000,0x0000005ff4400000)]


Current CompileTask:
C2:   5955 3457       4       org.objectweb.asm.Frame::execute (2318 bytes)

Stack: [0x0000005ff4300000,0x0000005ff4400000]
Native frames: (J=compiled Java code, j=interpreted, Vv=VM code, C=native code)
V  [jvm.dll+0x6100fa]
V  [jvm.dll+0x747090]
V  [jvm.dll+0x7486ad]
V  [jvm.dll+0x748d83]
V  [jvm.dll+0x24ab48]
V  [jvm.dll+0xc04dc]
V  [jvm.dll+0xc0a0c]
V  [jvm.dll+0x35eb9d]
V  [jvm.dll+0x19d7bc]
V  [jvm.dll+0x2033be]
V  [jvm.dll+0x202437]
V  [jvm.dll+0x188e01]
V  [jvm.dll+0x21106b]
V  [jvm.dll+0x20f8c1]
V  [jvm.dll+0x70de0f]
V  [jvm.dll+0x706a75]
V  [jvm.dll+0x60ed66]
C  [ucrtbase.dll+0x26c0c]
C  [KERNEL32.DLL+0x15550]
C  [ntdll.dll+0x485b]


---------------  P R O C E S S  ---------------

Threads class SMR info:
_java_thread_list=0x000001721c3abbd0, length=35, elements={
0x000001727bfad000, 0x0000017216886800, 0x000001721688f800, 0x000001721689b800,
0x000001721689c800, 0x000001721689e000, 0x0000017217177000, 0x0000017217179000,
0x000001721717e000, 0x000001721730f800, 0x00000172190da000, 0x00000172191a1800,
0x000001721822f800, 0x000001721847d000, 0x0000017218479800, 0x000001721a213000,
0x000001721a791000, 0x000001721a792000, 0x000001721a560800, 0x000001721932b800,
0x000001721932a000, 0x0000017219329000, 0x000001721932b000, 0x000001721932d800,
0x000001721932c800, 0x000001721932e000, 0x0000017219328800, 0x000001721932f000,
0x0000017219d8c000, 0x0000017219d8b000, 0x0000017219330800, 0x0000017219d8f000,
0x0000017219d91800, 0x000001721ab88800, 0x0000017219d8e000
}

Java Threads: ( => current thread )
  0x000001727bfad000 JavaThread "main" [_thread_blocked, id=46040, stack(0x0000005ff1000000,0x0000005ff1100000)]
  0x0000017216886800 JavaThread "Reference Handler" daemon [_thread_blocked, id=7360, stack(0x0000005ff1700000,0x0000005ff1800000)]
  0x000001721688f800 JavaThread "Finalizer" daemon [_thread_blocked, id=46660, stack(0x0000005ff1800000,0x0000005ff1900000)]
  0x000001721689b800 JavaThread "Signal Dispatcher" daemon [_thread_blocked, id=34276, stack(0x0000005ff1900000,0x0000005ff1a00000)]
  0x000001721689c800 JavaThread "Attach Listener" daemon [_thread_blocked, id=36880, stack(0x0000005ff1a00000,0x0000005ff1b00000)]
  0x000001721689e000 JavaThread "Service Thread" daemon [_thread_blocked, id=40512, stack(0x0000005ff1b00000,0x0000005ff1c00000)]
  0x0000017217177000 JavaThread "C2 CompilerThread0" daemon [_thread_in_native, id=36296, stack(0x0000005ff1c00000,0x0000005ff1d00000)]
  0x0000017217179000 JavaThread "C1 CompilerThread0" daemon [_thread_blocked, id=25652, stack(0x0000005ff1d00000,0x0000005ff1e00000)]
  0x000001721717e000 JavaThread "Sweeper thread" daemon [_thread_blocked, id=30920, stack(0x0000005ff1e00000,0x0000005ff1f00000)]
  0x000001721730f800 JavaThread "Common-Cleaner" daemon [_thread_blocked, id=25284, stack(0x0000005ff1f00000,0x0000005ff2000000)]
  0x00000172190da000 JavaThread "Daemon health stats" [_thread_blocked, id=44624, stack(0x0000005ff2800000,0x0000005ff2900000)]
  0x00000172191a1800 JavaThread "Incoming local TCP Connector on port 1504" [_thread_in_native, id=16884, stack(0x0000005ff2100000,0x0000005ff2200000)]
  0x000001721822f800 JavaThread "Daemon periodic checks" [_thread_blocked, id=43984, stack(0x0000005ff2700000,0x0000005ff2800000)]
  0x000001721847d000 JavaThread "Daemon" [_thread_blocked, id=37940, stack(0x0000005ff2900000,0x0000005ff2a00000)]
  0x0000017218479800 JavaThread "Handler for socket connection from /127.0.0.1:1504 to /127.0.0.1:1505" [_thread_in_native, id=996, stack(0x0000005ff2a00000,0x0000005ff2b00000)]
  0x000001721a213000 JavaThread "Cancel handler" [_thread_blocked, id=10124, stack(0x0000005ff2b00000,0x0000005ff2c00000)]
  0x000001721a791000 JavaThread "Daemon worker" [_thread_blocked, id=32164, stack(0x0000005ff2c00000,0x0000005ff2d00000)]
  0x000001721a792000 JavaThread "Asynchronous log dispatcher for DefaultDaemonConnection: socket connection from /127.0.0.1:1504 to /127.0.0.1:1505" [_thread_blocked, id=15232, stack(0x0000005ff2d00000,0x0000005ff2e00000)]
  0x000001721a560800 JavaThread "Stdin handler" [_thread_blocked, id=29112, stack(0x0000005ff2e00000,0x0000005ff2f00000)]
  0x000001721932b800 JavaThread "Daemon client event forwarder" [_thread_blocked, id=36816, stack(0x0000005ff2f00000,0x0000005ff3000000)]
  0x000001721932a000 JavaThread "Cache worker for journal cache (C:\Users\Robin_V.MSI\.gradle\caches\journal-1)" [_thread_blocked, id=36436, stack(0x0000005ff3100000,0x0000005ff3200000)]
  0x0000017219329000 JavaThread "File lock request listener" [_thread_in_native, id=15024, stack(0x0000005ff3200000,0x0000005ff3300000)]
  0x000001721932b000 JavaThread "Cache worker for file hash cache (C:\Users\Robin_V.MSI\.gradle\caches\7.4\fileHashes)" [_thread_blocked, id=44652, stack(0x0000005ff3300000,0x0000005ff3400000)]
  0x000001721932d800 JavaThread "File watcher server" daemon [_thread_in_native, id=41488, stack(0x0000005ff3b00000,0x0000005ff3c00000)]
  0x000001721932c800 JavaThread "File watcher consumer" daemon [_thread_blocked, id=22548, stack(0x0000005ff3c00000,0x0000005ff3d00000)]
  0x000001721932e000 JavaThread "Cache worker for checksums cache (E:\VIC\vic_android_repo\android\devops-22-23-android-g01\.gradle\7.4\checksums)" [_thread_blocked, id=44076, stack(0x0000005ff3d00000,0x0000005ff3e00000)]
  0x0000017219328800 JavaThread "Cache worker for cache directory md-rule (C:\Users\Robin_V.MSI\.gradle\caches\7.4\md-rule)" [_thread_blocked, id=39820, stack(0x0000005ff3e00000,0x0000005ff3f00000)]
  0x000001721932f000 JavaThread "Cache worker for file hash cache (E:\VIC\vic_android_repo\android\devops-22-23-android-g01\.gradle\7.4\fileHashes)" [_thread_blocked, id=19640, stack(0x0000005ff3f00000,0x0000005ff4000000)]
  0x0000017219d8c000 JavaThread "Cache worker for cache directory md-supplier (C:\Users\Robin_V.MSI\.gradle\caches\7.4\md-supplier)" [_thread_blocked, id=29372, stack(0x0000005ff4000000,0x0000005ff4100000)]
  0x0000017219d8b000 JavaThread "Cache worker for execution history cache (C:\Users\Robin_V.MSI\.gradle\caches\7.4\executionHistory)" [_thread_blocked, id=39348, stack(0x0000005ff4100000,0x0000005ff4200000)]
  0x0000017219330800 JavaThread "C2 CompilerThread1" daemon [_thread_in_native, id=24348, stack(0x0000005ff3000000,0x0000005ff3100000)]
  0x0000017219d8f000 JavaThread "jar transforms" [_thread_blocked, id=38844, stack(0x0000005ff3a00000,0x0000005ff3b00000)]
  0x0000017219d91800 JavaThread "Cache worker for file content cache (C:\Users\Robin_V.MSI\.gradle\caches\7.4\fileContent)" [_thread_blocked, id=16584, stack(0x0000005ff4200000,0x0000005ff4300000)]
=>0x000001721ab88800 JavaThread "C2 CompilerThread2" daemon [_thread_in_native, id=28296, stack(0x0000005ff4300000,0x0000005ff4400000)]
  0x0000017219d8e000 JavaThread "jar transforms Thread 2" [_thread_blocked, id=25384, stack(0x0000005ff4400000,0x0000005ff4500000)]

Other Threads:
  0x0000017217124800 VMThread "VM Thread" [stack: 0x0000005ff1600000,0x0000005ff1700000] [id=40524]
  0x0000017217322000 WatcherThread [stack: 0x0000005ff2000000,0x0000005ff2100000] [id=40412]
  0x000001727bfc4000 GCTaskThread "GC Thread#0" [stack: 0x0000005ff1100000,0x0000005ff1200000] [id=45992]
  0x000001721793d800 GCTaskThread "GC Thread#1" [stack: 0x0000005ff2200000,0x0000005ff2300000] [id=38820]
  0x0000017217e5d800 GCTaskThread "GC Thread#2" [stack: 0x0000005ff2300000,0x0000005ff2400000] [id=41288]
  0x0000017217b39000 GCTaskThread "GC Thread#3" [stack: 0x0000005ff2400000,0x0000005ff2500000] [id=28048]
  0x00000172182c3000 GCTaskThread "GC Thread#4" [stack: 0x0000005ff2500000,0x0000005ff2600000] [id=41660]
  0x00000172183ad000 GCTaskThread "GC Thread#5" [stack: 0x0000005ff2600000,0x0000005ff2700000] [id=46900]
  0x0000017218d4b000 GCTaskThread "GC Thread#6" [stack: 0x0000005ff3400000,0x0000005ff3500000] [id=32396]
  0x0000017219053800 GCTaskThread "GC Thread#7" [stack: 0x0000005ff3500000,0x0000005ff3600000] [id=45780]
  0x000001721913e000 GCTaskThread "GC Thread#8" [stack: 0x0000005ff3600000,0x0000005ff3700000] [id=10044]
  0x0000017219235000 GCTaskThread "GC Thread#9" [stack: 0x0000005ff3700000,0x0000005ff3800000] [id=21988]
  0x000001727bff4800 ConcurrentGCThread "G1 Main Marker" [stack: 0x0000005ff1200000,0x0000005ff1300000] [id=16804]
  0x000001727bff6800 ConcurrentGCThread "G1 Conc#0" [stack: 0x0000005ff1300000,0x0000005ff1400000] [id=34780]
  0x0000017219768000 ConcurrentGCThread "G1 Conc#1" [stack: 0x0000005ff3800000,0x0000005ff3900000] [id=2964]
  0x0000017218364800 ConcurrentGCThread "G1 Conc#2" [stack: 0x0000005ff3900000,0x0000005ff3a00000] [id=46916]
  0x0000017216752000 ConcurrentGCThread "G1 Refine#0" [stack: 0x0000005ff1400000,0x0000005ff1500000] [id=25632]
  0x0000017216755000 ConcurrentGCThread "G1 Young RemSet Sampling" [stack: 0x0000005ff1500000,0x0000005ff1600000] [id=47068]

Threads with active compile tasks:
C2 CompilerThread0   6239 3474       4       org.codehaus.groovy.runtime.metaclass.MetaMethodIndex::addMethodToList (131 bytes)
C2 CompilerThread1   6239 3479       4       groovy.lang.MetaClassImpl$1MOPIter::methodNameAction (325 bytes)
C2 CompilerThread2   6239 3457       4       org.objectweb.asm.Frame::execute (2318 bytes)

VM state:at safepoint (normal execution)

VM Mutex/Monitor currently owned by a thread:  ([mutex/lock_event])
[0x000001727bfa9c30] Threads_lock - owner thread: 0x0000017217124800
[0x000001727bfa9f00] Heap_lock - owner thread: 0x000001721a791000

OutOfMemory and StackOverflow Exception counts:
OutOfMemoryError java_heap_errors=1
LinkageErrors=55

Heap address: 0x0000000080000000, size: 2048 MB, Compressed Oops mode: 32-bit
Narrow klass base: 0x0000000000000000, Narrow klass shift: 3
Compressed class space size: 1073741824 Address: 0x0000000100000000

Heap:
 garbage-first heap   total 260096K, used 27930K [0x0000000080000000, 0x0000000100000000)
  region size 1024K, 11 young (11264K), 11 survivors (11264K)
 Metaspace       used 40544K, capacity 41473K, committed 41500K, reserved 1097728K
  class space    used 5125K, capacity 5493K, committed 5504K, reserved 1048576K
Heap Regions: E=young(eden), S=young(survivor), O=old, HS=humongous(starts), HC=humongous(continues), CS=collection set, F=free, A=archive, TAMS=top-at-mark-start (previous, next)
|   0|0x0000000080000000, 0x0000000080100000, 0x0000000080100000|100%| O|  |TAMS 0x0000000080100000, 0x0000000080100000| Untracked 
|   1|0x0000000080100000, 0x0000000080200000, 0x0000000080200000|100%| O|  |TAMS 0x0000000080200000, 0x0000000080200000| Untracked 
|   2|0x0000000080200000, 0x0000000080300000, 0x0000000080300000|100%| O|  |TAMS 0x0000000080300000, 0x0000000080300000| Untracked 
|   3|0x0000000080300000, 0x0000000080400000, 0x0000000080400000|100%|HS|  |TAMS 0x0000000080400000, 0x0000000080400000| Complete 
|   4|0x0000000080400000, 0x0000000080500000, 0x0000000080500000|100%|HC|  |TAMS 0x0000000080500000, 0x0000000080500000| Complete 
|   5|0x0000000080500000, 0x0000000080600000, 0x0000000080600000|100%|HC|  |TAMS 0x0000000080600000, 0x0000000080600000| Complete 
|   6|0x0000000080600000, 0x0000000080700000, 0x0000000080700000|100%| O|  |TAMS 0x0000000080700000, 0x0000000080700000| Untracked 
|   7|0x0000000080700000, 0x0000000080800000, 0x0000000080800000|100%| O|  |TAMS 0x0000000080800000, 0x0000000080800000| Untracked 
|   8|0x0000000080800000, 0x0000000080900000, 0x0000000080900000|100%| O|  |TAMS 0x0000000080900000, 0x0000000080900000| Untracked 
|   9|0x0000000080900000, 0x0000000080a00000, 0x0000000080a00000|100%| O|  |TAMS 0x0000000080a00000, 0x0000000080a00000| Untracked 
|  10|0x0000000080a00000, 0x0000000080b00000, 0x0000000080b00000|100%| O|  |TAMS 0x0000000080b00000, 0x0000000080b00000| Untracked 
|  11|0x0000000080b00000, 0x0000000080c00000, 0x0000000080c00000|100%| O|  |TAMS 0x0000000080c00000, 0x0000000080c00000| Untracked 
|  12|0x0000000080c00000, 0x0000000080d00000, 0x0000000080d00000|100%| O|  |TAMS 0x0000000080d00000, 0x0000000080d00000| Untracked 
|  13|0x0000000080d00000, 0x0000000080e00000, 0x0000000080e00000|100%| O|  |TAMS 0x0000000080e00000, 0x0000000080e00000| Untracked 
|  14|0x0000000080e00000, 0x0000000080f00000, 0x0000000080f00000|100%| O|  |TAMS 0x0000000080f00000, 0x0000000080f00000| Untracked 
|  15|0x0000000080f00000, 0x0000000081000000, 0x0000000081000000|100%| O|  |TAMS 0x0000000081000000, 0x0000000081000000| Untracked 
|  16|0x0000000081000000, 0x0000000081047c00, 0x0000000081100000| 28%| O|  |TAMS 0x0000000081047c00, 0x0000000081047c00| Untracked 
|  17|0x0000000081100000, 0x0000000081100000, 0x0000000081200000|  0%| F|  |TAMS 0x0000000081100000, 0x0000000081100000| Untracked 
|  18|0x0000000081200000, 0x0000000081200000, 0x0000000081300000|  0%| F|  |TAMS 0x0000000081200000, 0x0000000081200000| Untracked 
|  19|0x0000000081300000, 0x0000000081300000, 0x0000000081400000|  0%| F|  |TAMS 0x0000000081300000, 0x0000000081300000| Untracked 
|  20|0x0000000081400000, 0x0000000081400000, 0x0000000081500000|  0%| F|  |TAMS 0x0000000081400000, 0x0000000081400000| Untracked 
|  21|0x0000000081500000, 0x0000000081500000, 0x0000000081600000|  0%| F|  |TAMS 0x0000000081500000, 0x0000000081500000| Untracked 
|  22|0x0000000081600000, 0x0000000081600000, 0x0000000081700000|  0%| F|  |TAMS 0x0000000081600000, 0x0000000081600000| Untracked 
|  23|0x0000000081700000, 0x0000000081700000, 0x0000000081800000|  0%| F|  |TAMS 0x0000000081700000, 0x0000000081700000| Untracked 
|  24|0x0000000081800000, 0x0000000081800000, 0x0000000081900000|  0%| F|  |TAMS 0x0000000081800000, 0x0000000081800000| Untracked 
|  25|0x0000000081900000, 0x0000000081900000, 0x0000000081a00000|  0%| F|  |TAMS 0x0000000081900000, 0x0000000081900000| Untracked 
|  26|0x0000000081a00000, 0x0000000081a00000, 0x0000000081b00000|  0%| F|  |TAMS 0x0000000081a00000, 0x0000000081a00000| Untracked 
|  27|0x0000000081b00000, 0x0000000081b00000, 0x0000000081c00000|  0%| F|  |TAMS 0x0000000081b00000, 0x0000000081b00000| Untracked 
|  28|0x0000000081c00000, 0x0000000081c00000, 0x0000000081d00000|  0%| F|  |TAMS 0x0000000081c00000, 0x0000000081c00000| Untracked 
|  29|0x0000000081d00000, 0x0000000081d00000, 0x0000000081e00000|  0%| F|  |TAMS 0x0000000081d00000, 0x0000000081d00000| Untracked 
|  30|0x0000000081e00000, 0x0000000081e00000, 0x0000000081f00000|  0%| F|  |TAMS 0x0000000081e00000, 0x0000000081e00000| Untracked 
|  31|0x0000000081f00000, 0x0000000081f00000, 0x0000000082000000|  0%| F|  |TAMS 0x0000000081f00000, 0x0000000081f00000| Untracked 
|  32|0x0000000082000000, 0x0000000082000000, 0x0000000082100000|  0%| F|  |TAMS 0x0000000082000000, 0x0000000082000000| Untracked 
|  33|0x0000000082100000, 0x0000000082100000, 0x0000000082200000|  0%| F|  |TAMS 0x0000000082100000, 0x0000000082100000| Untracked 
|  34|0x0000000082200000, 0x0000000082200000, 0x0000000082300000|  0%| F|  |TAMS 0x0000000082200000, 0x0000000082200000| Untracked 
|  35|0x0000000082300000, 0x0000000082300000, 0x0000000082400000|  0%| F|  |TAMS 0x0000000082300000, 0x0000000082300000| Untracked 
|  36|0x0000000082400000, 0x0000000082400000, 0x0000000082500000|  0%| F|  |TAMS 0x0000000082400000, 0x0000000082400000| Untracked 
|  37|0x0000000082500000, 0x0000000082500000, 0x0000000082600000|  0%| F|  |TAMS 0x0000000082500000, 0x0000000082500000| Untracked 
|  38|0x0000000082600000, 0x0000000082600000, 0x0000000082700000|  0%| F|  |TAMS 0x0000000082600000, 0x0000000082600000| Untracked 
|  39|0x0000000082700000, 0x0000000082700000, 0x0000000082800000|  0%| F|  |TAMS 0x0000000082700000, 0x0000000082700000| Untracked 
|  40|0x0000000082800000, 0x0000000082800000, 0x0000000082900000|  0%| F|  |TAMS 0x0000000082800000, 0x0000000082800000| Untracked 
|  41|0x0000000082900000, 0x0000000082900000, 0x0000000082a00000|  0%| F|  |TAMS 0x0000000082900000, 0x0000000082900000| Untracked 
|  42|0x0000000082a00000, 0x0000000082a00000, 0x0000000082b00000|  0%| F|  |TAMS 0x0000000082a00000, 0x0000000082a00000| Untracked 
|  43|0x0000000082b00000, 0x0000000082b00000, 0x0000000082c00000|  0%| F|  |TAMS 0x0000000082b00000, 0x0000000082b00000| Untracked 
|  44|0x0000000082c00000, 0x0000000082c00000, 0x0000000082d00000|  0%| F|  |TAMS 0x0000000082c00000, 0x0000000082c00000| Untracked 
|  45|0x0000000082d00000, 0x0000000082d00000, 0x0000000082e00000|  0%| F|  |TAMS 0x0000000082d00000, 0x0000000082d00000| Untracked 
|  46|0x0000000082e00000, 0x0000000082e00000, 0x0000000082f00000|  0%| F|  |TAMS 0x0000000082e00000, 0x0000000082e00000| Untracked 
|  47|0x0000000082f00000, 0x0000000082f00000, 0x0000000083000000|  0%| F|  |TAMS 0x0000000082f00000, 0x0000000082f00000| Untracked 
|  48|0x0000000083000000, 0x0000000083000000, 0x0000000083100000|  0%| F|  |TAMS 0x0000000083000000, 0x0000000083000000| Untracked 
|  49|0x0000000083100000, 0x0000000083100000, 0x0000000083200000|  0%| F|  |TAMS 0x0000000083100000, 0x0000000083100000| Untracked 
|  50|0x0000000083200000, 0x0000000083200000, 0x0000000083300000|  0%| F|  |TAMS 0x0000000083200000, 0x0000000083200000| Untracked 
|  51|0x0000000083300000, 0x0000000083300000, 0x0000000083400000|  0%| F|  |TAMS 0x0000000083300000, 0x0000000083300000| Untracked 
|  52|0x0000000083400000, 0x0000000083400000, 0x0000000083500000|  0%| F|  |TAMS 0x0000000083400000, 0x0000000083400000| Untracked 
|  53|0x0000000083500000, 0x0000000083500000, 0x0000000083600000|  0%| F|  |TAMS 0x0000000083500000, 0x0000000083500000| Untracked 
|  54|0x0000000083600000, 0x0000000083600000, 0x0000000083700000|  0%| F|  |TAMS 0x0000000083600000, 0x0000000083600000| Untracked 
|  55|0x0000000083700000, 0x0000000083700000, 0x0000000083800000|  0%| F|  |TAMS 0x0000000083700000, 0x0000000083700000| Untracked 
|  56|0x0000000083800000, 0x0000000083800000, 0x0000000083900000|  0%| F|  |TAMS 0x0000000083800000, 0x0000000083800000| Untracked 
|  57|0x0000000083900000, 0x0000000083900000, 0x0000000083a00000|  0%| F|  |TAMS 0x0000000083900000, 0x0000000083900000| Untracked 
|  58|0x0000000083a00000, 0x0000000083a00000, 0x0000000083b00000|  0%| F|  |TAMS 0x0000000083a00000, 0x0000000083a00000| Untracked 
|  59|0x0000000083b00000, 0x0000000083b00000, 0x0000000083c00000|  0%| F|  |TAMS 0x0000000083b00000, 0x0000000083b00000| Untracked 
|  60|0x0000000083c00000, 0x0000000083c00000, 0x0000000083d00000|  0%| F|  |TAMS 0x0000000083c00000, 0x0000000083c00000| Untracked 
|  61|0x0000000083d00000, 0x0000000083d00000, 0x0000000083e00000|  0%| F|  |TAMS 0x0000000083d00000, 0x0000000083d00000| Untracked 
|  62|0x0000000083e00000, 0x0000000083e00000, 0x0000000083f00000|  0%| F|  |TAMS 0x0000000083e00000, 0x0000000083e00000| Untracked 
|  63|0x0000000083f00000, 0x0000000083f00000, 0x0000000084000000|  0%| F|  |TAMS 0x0000000083f00000, 0x0000000083f00000| Untracked 
|  64|0x0000000084000000, 0x0000000084000000, 0x0000000084100000|  0%| F|  |TAMS 0x0000000084000000, 0x0000000084000000| Untracked 
|  65|0x0000000084100000, 0x0000000084100000, 0x0000000084200000|  0%| F|  |TAMS 0x0000000084100000, 0x0000000084100000| Untracked 
|  66|0x0000000084200000, 0x0000000084200000, 0x0000000084300000|  0%| F|  |TAMS 0x0000000084200000, 0x0000000084200000| Untracked 
|  67|0x0000000084300000, 0x0000000084300000, 0x0000000084400000|  0%| F|  |TAMS 0x0000000084300000, 0x0000000084300000| Untracked 
|  68|0x0000000084400000, 0x0000000084400000, 0x0000000084500000|  0%| F|  |TAMS 0x0000000084400000, 0x0000000084400000| Untracked 
|  69|0x0000000084500000, 0x0000000084500000, 0x0000000084600000|  0%| F|  |TAMS 0x0000000084500000, 0x0000000084500000| Untracked 
|  70|0x0000000084600000, 0x0000000084600000, 0x0000000084700000|  0%| F|  |TAMS 0x0000000084600000, 0x0000000084600000| Untracked 
|  71|0x0000000084700000, 0x0000000084700000, 0x0000000084800000|  0%| F|  |TAMS 0x0000000084700000, 0x0000000084700000| Untracked 
|  72|0x0000000084800000, 0x0000000084800000, 0x0000000084900000|  0%| F|  |TAMS 0x0000000084800000, 0x0000000084800000| Untracked 
|  73|0x0000000084900000, 0x0000000084900000, 0x0000000084a00000|  0%| F|  |TAMS 0x0000000084900000, 0x0000000084900000| Untracked 
|  74|0x0000000084a00000, 0x0000000084a00000, 0x0000000084b00000|  0%| F|  |TAMS 0x0000000084a00000, 0x0000000084a00000| Untracked 
|  75|0x0000000084b00000, 0x0000000084b00000, 0x0000000084c00000|  0%| F|  |TAMS 0x0000000084b00000, 0x0000000084b00000| Untracked 
|  76|0x0000000084c00000, 0x0000000084c00000, 0x0000000084d00000|  0%| F|  |TAMS 0x0000000084c00000, 0x0000000084c00000| Untracked 
|  77|0x0000000084d00000, 0x0000000084d00000, 0x0000000084e00000|  0%| F|  |TAMS 0x0000000084d00000, 0x0000000084d00000| Untracked 
|  78|0x0000000084e00000, 0x0000000084e00000, 0x0000000084f00000|  0%| F|  |TAMS 0x0000000084e00000, 0x0000000084e00000| Untracked 
|  79|0x0000000084f00000, 0x0000000084f00000, 0x0000000085000000|  0%| F|  |TAMS 0x0000000084f00000, 0x0000000084f00000| Untracked 
|  80|0x0000000085000000, 0x0000000085000000, 0x0000000085100000|  0%| F|  |TAMS 0x0000000085000000, 0x0000000085000000| Untracked 
|  81|0x0000000085100000, 0x0000000085100000, 0x0000000085200000|  0%| F|  |TAMS 0x0000000085100000, 0x0000000085100000| Untracked 
|  82|0x0000000085200000, 0x0000000085200000, 0x0000000085300000|  0%| F|  |TAMS 0x0000000085200000, 0x0000000085200000| Untracked 
|  83|0x0000000085300000, 0x0000000085300000, 0x0000000085400000|  0%| F|  |TAMS 0x0000000085300000, 0x0000000085300000| Untracked 
|  84|0x0000000085400000, 0x0000000085400000, 0x0000000085500000|  0%| F|  |TAMS 0x0000000085400000, 0x0000000085400000| Untracked 
|  85|0x0000000085500000, 0x0000000085500000, 0x0000000085600000|  0%| F|  |TAMS 0x0000000085500000, 0x0000000085500000| Untracked 
|  86|0x0000000085600000, 0x0000000085600000, 0x0000000085700000|  0%| F|  |TAMS 0x0000000085600000, 0x0000000085600000| Untracked 
|  87|0x0000000085700000, 0x0000000085700000, 0x0000000085800000|  0%| F|  |TAMS 0x0000000085700000, 0x0000000085700000| Untracked 
|  88|0x0000000085800000, 0x0000000085800000, 0x0000000085900000|  0%| F|  |TAMS 0x0000000085800000, 0x0000000085800000| Untracked 
|  89|0x0000000085900000, 0x0000000085900000, 0x0000000085a00000|  0%| F|  |TAMS 0x0000000085900000, 0x0000000085900000| Untracked 
|  90|0x0000000085a00000, 0x0000000085a00000, 0x0000000085b00000|  0%| F|  |TAMS 0x0000000085a00000, 0x0000000085a00000| Untracked 
|  91|0x0000000085b00000, 0x0000000085b00000, 0x0000000085c00000|  0%| F|  |TAMS 0x0000000085b00000, 0x0000000085b00000| Untracked 
|  92|0x0000000085c00000, 0x0000000085c00000, 0x0000000085d00000|  0%| F|  |TAMS 0x0000000085c00000, 0x0000000085c00000| Untracked 
|  93|0x0000000085d00000, 0x0000000085d00000, 0x0000000085e00000|  0%| F|  |TAMS 0x0000000085d00000, 0x0000000085d00000| Untracked 
|  94|0x0000000085e00000, 0x0000000085e00000, 0x0000000085f00000|  0%| F|  |TAMS 0x0000000085e00000, 0x0000000085e00000| Untracked 
|  95|0x0000000085f00000, 0x0000000085f00000, 0x0000000086000000|  0%| F|  |TAMS 0x0000000085f00000, 0x0000000085f00000| Untracked 
|  96|0x0000000086000000, 0x0000000086000000, 0x0000000086100000|  0%| F|  |TAMS 0x0000000086000000, 0x0000000086000000| Untracked 
|  97|0x0000000086100000, 0x0000000086100000, 0x0000000086200000|  0%| F|  |TAMS 0x0000000086100000, 0x0000000086100000| Untracked 
|  98|0x0000000086200000, 0x0000000086200000, 0x0000000086300000|  0%| F|  |TAMS 0x0000000086200000, 0x0000000086200000| Untracked 
|  99|0x0000000086300000, 0x0000000086300000, 0x0000000086400000|  0%| F|  |TAMS 0x0000000086300000, 0x0000000086300000| Untracked 
| 100|0x0000000086400000, 0x0000000086400000, 0x0000000086500000|  0%| F|  |TAMS 0x0000000086400000, 0x0000000086400000| Untracked 
| 101|0x0000000086500000, 0x0000000086500000, 0x0000000086600000|  0%| F|  |TAMS 0x0000000086500000, 0x0000000086500000| Untracked 
| 102|0x0000000086600000, 0x0000000086600000, 0x0000000086700000|  0%| F|  |TAMS 0x0000000086600000, 0x0000000086600000| Untracked 
| 103|0x0000000086700000, 0x0000000086700000, 0x0000000086800000|  0%| F|  |TAMS 0x0000000086700000, 0x0000000086700000| Untracked 
| 104|0x0000000086800000, 0x0000000086800000, 0x0000000086900000|  0%| F|  |TAMS 0x0000000086800000, 0x0000000086800000| Untracked 
| 105|0x0000000086900000, 0x0000000086900000, 0x0000000086a00000|  0%| F|  |TAMS 0x0000000086900000, 0x0000000086900000| Untracked 
| 106|0x0000000086a00000, 0x0000000086a00000, 0x0000000086b00000|  0%| F|  |TAMS 0x0000000086a00000, 0x0000000086a00000| Untracked 
| 107|0x0000000086b00000, 0x0000000086b00000, 0x0000000086c00000|  0%| F|  |TAMS 0x0000000086b00000, 0x0000000086b00000| Untracked 
| 108|0x0000000086c00000, 0x0000000086c00000, 0x0000000086d00000|  0%| F|  |TAMS 0x0000000086c00000, 0x0000000086c00000| Untracked 
| 109|0x0000000086d00000, 0x0000000086d00000, 0x0000000086e00000|  0%| F|  |TAMS 0x0000000086d00000, 0x0000000086d00000| Untracked 
| 110|0x0000000086e00000, 0x0000000086e00000, 0x0000000086f00000|  0%| F|  |TAMS 0x0000000086e00000, 0x0000000086e00000| Untracked 
| 111|0x0000000086f00000, 0x0000000086f00000, 0x0000000087000000|  0%| F|  |TAMS 0x0000000086f00000, 0x0000000086f00000| Untracked 
| 112|0x0000000087000000, 0x0000000087000000, 0x0000000087100000|  0%| F|  |TAMS 0x0000000087000000, 0x0000000087000000| Untracked 
| 113|0x0000000087100000, 0x0000000087100000, 0x0000000087200000|  0%| F|  |TAMS 0x0000000087100000, 0x0000000087100000| Untracked 
| 114|0x0000000087200000, 0x0000000087200000, 0x0000000087300000|  0%| F|  |TAMS 0x0000000087200000, 0x0000000087200000| Untracked 
| 115|0x0000000087300000, 0x0000000087300000, 0x0000000087400000|  0%| F|  |TAMS 0x0000000087300000, 0x0000000087300000| Untracked 
| 116|0x0000000087400000, 0x0000000087400000, 0x0000000087500000|  0%| F|  |TAMS 0x0000000087400000, 0x0000000087400000| Untracked 
| 117|0x0000000087500000, 0x0000000087500000, 0x0000000087600000|  0%| F|  |TAMS 0x0000000087500000, 0x0000000087500000| Untracked 
| 118|0x0000000087600000, 0x0000000087600000, 0x0000000087700000|  0%| F|  |TAMS 0x0000000087600000, 0x0000000087600000| Untracked 
| 119|0x0000000087700000, 0x0000000087700000, 0x0000000087800000|  0%| F|  |TAMS 0x0000000087700000, 0x0000000087700000| Untracked 
| 120|0x0000000087800000, 0x0000000087800000, 0x0000000087900000|  0%| F|  |TAMS 0x0000000087800000, 0x0000000087800000| Untracked 
| 121|0x0000000087900000, 0x0000000087900000, 0x0000000087a00000|  0%| F|  |TAMS 0x0000000087900000, 0x0000000087900000| Untracked 
| 122|0x0000000087a00000, 0x0000000087a00000, 0x0000000087b00000|  0%| F|  |TAMS 0x0000000087a00000, 0x0000000087a00000| Untracked 
| 123|0x0000000087b00000, 0x0000000087b00000, 0x0000000087c00000|  0%| F|  |TAMS 0x0000000087b00000, 0x0000000087b00000| Untracked 
| 124|0x0000000087c00000, 0x0000000087c00000, 0x0000000087d00000|  0%| F|  |TAMS 0x0000000087c00000, 0x0000000087c00000| Untracked 
| 125|0x0000000087d00000, 0x0000000087d00000, 0x0000000087e00000|  0%| F|  |TAMS 0x0000000087d00000, 0x0000000087d00000| Untracked 
| 126|0x0000000087e00000, 0x0000000087e00000, 0x0000000087f00000|  0%| F|  |TAMS 0x0000000087e00000, 0x0000000087e00000| Untracked 
| 127|0x0000000087f00000, 0x0000000087f00000, 0x0000000088000000|  0%| F|  |TAMS 0x0000000087f00000, 0x0000000087f00000| Untracked 
| 128|0x0000000088000000, 0x0000000088000000, 0x0000000088100000|  0%| F|  |TAMS 0x0000000088000000, 0x0000000088000000| Untracked 
| 129|0x0000000088100000, 0x0000000088100000, 0x0000000088200000|  0%| F|  |TAMS 0x0000000088100000, 0x0000000088100000| Untracked 
| 130|0x0000000088200000, 0x0000000088200000, 0x0000000088300000|  0%| F|  |TAMS 0x0000000088200000, 0x0000000088200000| Untracked 
| 131|0x0000000088300000, 0x0000000088300000, 0x0000000088400000|  0%| F|  |TAMS 0x0000000088300000, 0x0000000088300000| Untracked 
| 132|0x0000000088400000, 0x0000000088400000, 0x0000000088500000|  0%| F|  |TAMS 0x0000000088400000, 0x0000000088400000| Untracked 
| 133|0x0000000088500000, 0x0000000088500000, 0x0000000088600000|  0%| F|  |TAMS 0x0000000088500000, 0x0000000088500000| Untracked 
| 134|0x0000000088600000, 0x0000000088600000, 0x0000000088700000|  0%| F|  |TAMS 0x0000000088600000, 0x0000000088600000| Untracked 
| 135|0x0000000088700000, 0x0000000088700000, 0x0000000088800000|  0%| F|  |TAMS 0x0000000088700000, 0x0000000088700000| Untracked 
| 136|0x0000000088800000, 0x0000000088800000, 0x0000000088900000|  0%| F|  |TAMS 0x0000000088800000, 0x0000000088800000| Untracked 
| 137|0x0000000088900000, 0x0000000088900000, 0x0000000088a00000|  0%| F|  |TAMS 0x0000000088900000, 0x0000000088900000| Untracked 
| 138|0x0000000088a00000, 0x0000000088a00000, 0x0000000088b00000|  0%| F|  |TAMS 0x0000000088a00000, 0x0000000088a00000| Untracked 
| 139|0x0000000088b00000, 0x0000000088b00000, 0x0000000088c00000|  0%| F|  |TAMS 0x0000000088b00000, 0x0000000088b00000| Untracked 
| 140|0x0000000088c00000, 0x0000000088c00000, 0x0000000088d00000|  0%| F|  |TAMS 0x0000000088c00000, 0x0000000088c00000| Untracked 
| 141|0x0000000088d00000, 0x0000000088d00000, 0x0000000088e00000|  0%| F|  |TAMS 0x0000000088d00000, 0x0000000088d00000| Untracked 
| 142|0x0000000088e00000, 0x0000000088e00000, 0x0000000088f00000|  0%| F|  |TAMS 0x0000000088e00000, 0x0000000088e00000| Untracked 
| 143|0x0000000088f00000, 0x0000000088f00000, 0x0000000089000000|  0%| F|  |TAMS 0x0000000088f00000, 0x0000000088f00000| Untracked 
| 144|0x0000000089000000, 0x0000000089000000, 0x0000000089100000|  0%| F|  |TAMS 0x0000000089000000, 0x0000000089000000| Untracked 
| 145|0x0000000089100000, 0x0000000089100000, 0x0000000089200000|  0%| F|  |TAMS 0x0000000089100000, 0x0000000089100000| Untracked 
| 146|0x0000000089200000, 0x0000000089200000, 0x0000000089300000|  0%| F|  |TAMS 0x0000000089200000, 0x0000000089200000| Untracked 
| 147|0x0000000089300000, 0x0000000089300000, 0x0000000089400000|  0%| F|  |TAMS 0x0000000089300000, 0x0000000089300000| Untracked 
| 148|0x0000000089400000, 0x0000000089400000, 0x0000000089500000|  0%| F|  |TAMS 0x0000000089400000, 0x0000000089400000| Untracked 
| 149|0x0000000089500000, 0x0000000089500000, 0x0000000089600000|  0%| F|  |TAMS 0x0000000089500000, 0x0000000089500000| Untracked 
| 150|0x0000000089600000, 0x0000000089600000, 0x0000000089700000|  0%| F|  |TAMS 0x0000000089600000, 0x0000000089600000| Untracked 
| 151|0x0000000089700000, 0x0000000089700000, 0x0000000089800000|  0%| F|  |TAMS 0x0000000089700000, 0x0000000089700000| Untracked 
| 152|0x0000000089800000, 0x0000000089800000, 0x0000000089900000|  0%| F|  |TAMS 0x0000000089800000, 0x0000000089800000| Untracked 
| 153|0x0000000089900000, 0x0000000089900000, 0x0000000089a00000|  0%| F|  |TAMS 0x0000000089900000, 0x0000000089900000| Untracked 
| 154|0x0000000089a00000, 0x0000000089a00000, 0x0000000089b00000|  0%| F|  |TAMS 0x0000000089a00000, 0x0000000089a00000| Untracked 
| 155|0x0000000089b00000, 0x0000000089b00000, 0x0000000089c00000|  0%| F|  |TAMS 0x0000000089b00000, 0x0000000089b00000| Untracked 
| 156|0x0000000089c00000, 0x0000000089c00000, 0x0000000089d00000|  0%| F|  |TAMS 0x0000000089c00000, 0x0000000089c00000| Untracked 
| 157|0x0000000089d00000, 0x0000000089d00000, 0x0000000089e00000|  0%| F|  |TAMS 0x0000000089d00000, 0x0000000089d00000| Untracked 
| 158|0x0000000089e00000, 0x0000000089e00000, 0x0000000089f00000|  0%| F|  |TAMS 0x0000000089e00000, 0x0000000089e00000| Untracked 
| 159|0x0000000089f00000, 0x0000000089f00000, 0x000000008a000000|  0%| F|  |TAMS 0x0000000089f00000, 0x0000000089f00000| Untracked 
| 160|0x000000008a000000, 0x000000008a000000, 0x000000008a100000|  0%| F|  |TAMS 0x000000008a000000, 0x000000008a000000| Untracked 
| 161|0x000000008a100000, 0x000000008a100000, 0x000000008a200000|  0%| F|  |TAMS 0x000000008a100000, 0x000000008a100000| Untracked 
| 162|0x000000008a200000, 0x000000008a200000, 0x000000008a300000|  0%| F|  |TAMS 0x000000008a200000, 0x000000008a200000| Untracked 
| 163|0x000000008a300000, 0x000000008a300000, 0x000000008a400000|  0%| F|  |TAMS 0x000000008a300000, 0x000000008a300000| Untracked 
| 164|0x000000008a400000, 0x000000008a400000, 0x000000008a500000|  0%| F|  |TAMS 0x000000008a400000, 0x000000008a400000| Untracked 
| 165|0x000000008a500000, 0x000000008a500000, 0x000000008a600000|  0%| F|  |TAMS 0x000000008a500000, 0x000000008a500000| Untracked 
| 166|0x000000008a600000, 0x000000008a600000, 0x000000008a700000|  0%| F|  |TAMS 0x000000008a600000, 0x000000008a600000| Untracked 
| 167|0x000000008a700000, 0x000000008a700000, 0x000000008a800000|  0%| F|  |TAMS 0x000000008a700000, 0x000000008a700000| Untracked 
| 168|0x000000008a800000, 0x000000008a800000, 0x000000008a900000|  0%| F|  |TAMS 0x000000008a800000, 0x000000008a800000| Untracked 
| 169|0x000000008a900000, 0x000000008a900000, 0x000000008aa00000|  0%| F|  |TAMS 0x000000008a900000, 0x000000008a900000| Untracked 
| 170|0x000000008aa00000, 0x000000008aa00000, 0x000000008ab00000|  0%| F|  |TAMS 0x000000008aa00000, 0x000000008aa00000| Untracked 
| 171|0x000000008ab00000, 0x000000008ab00000, 0x000000008ac00000|  0%| F|  |TAMS 0x000000008ab00000, 0x000000008ab00000| Untracked 
| 172|0x000000008ac00000, 0x000000008ac00000, 0x000000008ad00000|  0%| F|  |TAMS 0x000000008ac00000, 0x000000008ac00000| Untracked 
| 173|0x000000008ad00000, 0x000000008ad00000, 0x000000008ae00000|  0%| F|  |TAMS 0x000000008ad00000, 0x000000008ad00000| Untracked 
| 174|0x000000008ae00000, 0x000000008ae00000, 0x000000008af00000|  0%| F|  |TAMS 0x000000008ae00000, 0x000000008ae00000| Untracked 
| 175|0x000000008af00000, 0x000000008af00000, 0x000000008b000000|  0%| F|  |TAMS 0x000000008af00000, 0x000000008af00000| Untracked 
| 176|0x000000008b000000, 0x000000008b0fed98, 0x000000008b100000| 99%| S|CS|TAMS 0x000000008b000000, 0x000000008b000000| Complete 
| 177|0x000000008b100000, 0x000000008b200000, 0x000000008b200000|100%| S|CS|TAMS 0x000000008b100000, 0x000000008b100000| Complete 
| 178|0x000000008b200000, 0x000000008b300000, 0x000000008b300000|100%| S|CS|TAMS 0x000000008b200000, 0x000000008b200000| Complete 
| 179|0x000000008b300000, 0x000000008b400000, 0x000000008b400000|100%| S|CS|TAMS 0x000000008b300000, 0x000000008b300000| Complete 
| 180|0x000000008b400000, 0x000000008b500000, 0x000000008b500000|100%| S|CS|TAMS 0x000000008b400000, 0x000000008b400000| Complete 
| 181|0x000000008b500000, 0x000000008b600000, 0x000000008b600000|100%| S|CS|TAMS 0x000000008b500000, 0x000000008b500000| Complete 
| 182|0x000000008b600000, 0x000000008b700000, 0x000000008b700000|100%| S|CS|TAMS 0x000000008b600000, 0x000000008b600000| Complete 
| 183|0x000000008b700000, 0x000000008b800000, 0x000000008b800000|100%| S|CS|TAMS 0x000000008b700000, 0x000000008b700000| Complete 
| 184|0x000000008b800000, 0x000000008b900000, 0x000000008b900000|100%| S|CS|TAMS 0x000000008b800000, 0x000000008b800000| Complete 
| 185|0x000000008b900000, 0x000000008ba00000, 0x000000008ba00000|100%| S|CS|TAMS 0x000000008b900000, 0x000000008b900000| Complete 
| 186|0x000000008ba00000, 0x000000008bb00000, 0x000000008bb00000|100%| S|CS|TAMS 0x000000008ba00000, 0x000000008ba00000| Complete 
| 187|0x000000008bb00000, 0x000000008bb00000, 0x000000008bc00000|  0%| F|  |TAMS 0x000000008bb00000, 0x000000008bb00000| Untracked 
| 188|0x000000008bc00000, 0x000000008bc00000, 0x000000008bd00000|  0%| F|  |TAMS 0x000000008bc00000, 0x000000008bc00000| Untracked 
| 189|0x000000008bd00000, 0x000000008bd00000, 0x000000008be00000|  0%| F|  |TAMS 0x000000008bd00000, 0x000000008bd00000| Untracked 
| 190|0x000000008be00000, 0x000000008be00000, 0x000000008bf00000|  0%| F|  |TAMS 0x000000008be00000, 0x000000008be00000| Untracked 
| 191|0x000000008bf00000, 0x000000008bf00000, 0x000000008c000000|  0%| F|  |TAMS 0x000000008bf00000, 0x000000008bf00000| Untracked 
| 192|0x000000008c000000, 0x000000008c000000, 0x000000008c100000|  0%| F|  |TAMS 0x000000008c000000, 0x000000008c000000| Untracked 
| 193|0x000000008c100000, 0x000000008c100000, 0x000000008c200000|  0%| F|  |TAMS 0x000000008c100000, 0x000000008c100000| Untracked 
| 194|0x000000008c200000, 0x000000008c200000, 0x000000008c300000|  0%| F|  |TAMS 0x000000008c200000, 0x000000008c200000| Untracked 
| 195|0x000000008c300000, 0x000000008c300000, 0x000000008c400000|  0%| F|  |TAMS 0x000000008c300000, 0x000000008c300000| Untracked 
| 196|0x000000008c400000, 0x000000008c400000, 0x000000008c500000|  0%| F|  |TAMS 0x000000008c400000, 0x000000008c400000| Untracked 
| 197|0x000000008c500000, 0x000000008c500000, 0x000000008c600000|  0%| F|  |TAMS 0x000000008c500000, 0x000000008c500000| Untracked 
| 198|0x000000008c600000, 0x000000008c600000, 0x000000008c700000|  0%| F|  |TAMS 0x000000008c600000, 0x000000008c600000| Untracked 
| 199|0x000000008c700000, 0x000000008c700000, 0x000000008c800000|  0%| F|  |TAMS 0x000000008c700000, 0x000000008c700000| Untracked 
| 200|0x000000008c800000, 0x000000008c800000, 0x000000008c900000|  0%| F|  |TAMS 0x000000008c800000, 0x000000008c800000| Untracked 
| 201|0x000000008c900000, 0x000000008c900000, 0x000000008ca00000|  0%| F|  |TAMS 0x000000008c900000, 0x000000008c900000| Untracked 
| 202|0x000000008ca00000, 0x000000008ca00000, 0x000000008cb00000|  0%| F|  |TAMS 0x000000008ca00000, 0x000000008ca00000| Untracked 
| 203|0x000000008cb00000, 0x000000008cb00000, 0x000000008cc00000|  0%| F|  |TAMS 0x000000008cb00000, 0x000000008cb00000| Untracked 
| 204|0x000000008cc00000, 0x000000008cc00000, 0x000000008cd00000|  0%| F|  |TAMS 0x000000008cc00000, 0x000000008cc00000| Untracked 
| 205|0x000000008cd00000, 0x000000008cd00000, 0x000000008ce00000|  0%| F|  |TAMS 0x000000008cd00000, 0x000000008cd00000| Untracked 
| 206|0x000000008ce00000, 0x000000008ce00000, 0x000000008cf00000|  0%| F|  |TAMS 0x000000008ce00000, 0x000000008ce00000| Untracked 
| 207|0x000000008cf00000, 0x000000008cf00000, 0x000000008d000000|  0%| F|  |TAMS 0x000000008cf00000, 0x000000008cf00000| Untracked 
| 208|0x000000008d000000, 0x000000008d000000, 0x000000008d100000|  0%| F|  |TAMS 0x000000008d000000, 0x000000008d000000| Untracked 
| 209|0x000000008d100000, 0x000000008d100000, 0x000000008d200000|  0%| F|  |TAMS 0x000000008d100000, 0x000000008d100000| Untracked 
| 210|0x000000008d200000, 0x000000008d200000, 0x000000008d300000|  0%| F|  |TAMS 0x000000008d200000, 0x000000008d200000| Untracked 
| 211|0x000000008d300000, 0x000000008d300000, 0x000000008d400000|  0%| F|  |TAMS 0x000000008d300000, 0x000000008d300000| Untracked 
| 212|0x000000008d400000, 0x000000008d400000, 0x000000008d500000|  0%| F|  |TAMS 0x000000008d400000, 0x000000008d400000| Untracked 
| 213|0x000000008d500000, 0x000000008d500000, 0x000000008d600000|  0%| F|  |TAMS 0x000000008d500000, 0x000000008d500000| Untracked 
| 214|0x000000008d600000, 0x000000008d600000, 0x000000008d700000|  0%| F|  |TAMS 0x000000008d600000, 0x000000008d600000| Untracked 
| 215|0x000000008d700000, 0x000000008d700000, 0x000000008d800000|  0%| F|  |TAMS 0x000000008d700000, 0x000000008d700000| Untracked 
| 216|0x000000008d800000, 0x000000008d800000, 0x000000008d900000|  0%| F|  |TAMS 0x000000008d800000, 0x000000008d800000| Untracked 
| 217|0x000000008d900000, 0x000000008d900000, 0x000000008da00000|  0%| F|  |TAMS 0x000000008d900000, 0x000000008d900000| Untracked 
| 218|0x000000008da00000, 0x000000008da00000, 0x000000008db00000|  0%| F|  |TAMS 0x000000008da00000, 0x000000008da00000| Untracked 
| 219|0x000000008db00000, 0x000000008db00000, 0x000000008dc00000|  0%| F|  |TAMS 0x000000008db00000, 0x000000008db00000| Untracked 
| 220|0x000000008dc00000, 0x000000008dc00000, 0x000000008dd00000|  0%| F|  |TAMS 0x000000008dc00000, 0x000000008dc00000| Untracked 
| 221|0x000000008dd00000, 0x000000008dd00000, 0x000000008de00000|  0%| F|  |TAMS 0x000000008dd00000, 0x000000008dd00000| Untracked 
| 222|0x000000008de00000, 0x000000008de00000, 0x000000008df00000|  0%| F|  |TAMS 0x000000008de00000, 0x000000008de00000| Untracked 
| 223|0x000000008df00000, 0x000000008df00000, 0x000000008e000000|  0%| F|  |TAMS 0x000000008df00000, 0x000000008df00000| Untracked 
| 224|0x000000008e000000, 0x000000008e000000, 0x000000008e100000|  0%| F|  |TAMS 0x000000008e000000, 0x000000008e000000| Untracked 
| 225|0x000000008e100000, 0x000000008e100000, 0x000000008e200000|  0%| F|  |TAMS 0x000000008e100000, 0x000000008e100000| Untracked 
| 226|0x000000008e200000, 0x000000008e200000, 0x000000008e300000|  0%| F|  |TAMS 0x000000008e200000, 0x000000008e200000| Untracked 
| 227|0x000000008e300000, 0x000000008e300000, 0x000000008e400000|  0%| F|  |TAMS 0x000000008e300000, 0x000000008e300000| Untracked 
| 228|0x000000008e400000, 0x000000008e400000, 0x000000008e500000|  0%| F|  |TAMS 0x000000008e400000, 0x000000008e400000| Untracked 
| 229|0x000000008e500000, 0x000000008e500000, 0x000000008e600000|  0%| F|  |TAMS 0x000000008e500000, 0x000000008e500000| Untracked 
| 230|0x000000008e600000, 0x000000008e600000, 0x000000008e700000|  0%| F|  |TAMS 0x000000008e600000, 0x000000008e600000| Untracked 
| 231|0x000000008e700000, 0x000000008e700000, 0x000000008e800000|  0%| F|  |TAMS 0x000000008e700000, 0x000000008e700000| Untracked 
| 232|0x000000008e800000, 0x000000008e800000, 0x000000008e900000|  0%| F|  |TAMS 0x000000008e800000, 0x000000008e800000| Untracked 
| 233|0x000000008e900000, 0x000000008e900000, 0x000000008ea00000|  0%| F|  |TAMS 0x000000008e900000, 0x000000008e900000| Untracked 
| 234|0x000000008ea00000, 0x000000008ea00000, 0x000000008eb00000|  0%| F|  |TAMS 0x000000008ea00000, 0x000000008ea00000| Untracked 
| 235|0x000000008eb00000, 0x000000008eb00000, 0x000000008ec00000|  0%| F|  |TAMS 0x000000008eb00000, 0x000000008eb00000| Untracked 
| 236|0x000000008ec00000, 0x000000008ec00000, 0x000000008ed00000|  0%| F|  |TAMS 0x000000008ec00000, 0x000000008ec00000| Untracked 
| 237|0x000000008ed00000, 0x000000008ed00000, 0x000000008ee00000|  0%| F|  |TAMS 0x000000008ed00000, 0x000000008ed00000| Untracked 
| 238|0x000000008ee00000, 0x000000008ee00000, 0x000000008ef00000|  0%| F|  |TAMS 0x000000008ee00000, 0x000000008ee00000| Untracked 
| 239|0x000000008ef00000, 0x000000008ef00000, 0x000000008f000000|  0%| F|  |TAMS 0x000000008ef00000, 0x000000008ef00000| Untracked 
| 240|0x000000008f000000, 0x000000008f000000, 0x000000008f100000|  0%| F|  |TAMS 0x000000008f000000, 0x000000008f000000| Untracked 
| 241|0x000000008f100000, 0x000000008f100000, 0x000000008f200000|  0%| F|  |TAMS 0x000000008f100000, 0x000000008f100000| Untracked 
| 242|0x000000008f200000, 0x000000008f200000, 0x000000008f300000|  0%| F|  |TAMS 0x000000008f200000, 0x000000008f200000| Untracked 
| 243|0x000000008f300000, 0x000000008f300000, 0x000000008f400000|  0%| F|  |TAMS 0x000000008f300000, 0x000000008f300000| Untracked 
| 244|0x000000008f400000, 0x000000008f400000, 0x000000008f500000|  0%| F|  |TAMS 0x000000008f400000, 0x000000008f400000| Untracked 
| 245|0x000000008f500000, 0x000000008f500000, 0x000000008f600000|  0%| F|  |TAMS 0x000000008f500000, 0x000000008f500000| Untracked 
| 246|0x000000008f600000, 0x000000008f600000, 0x000000008f700000|  0%| F|  |TAMS 0x000000008f600000, 0x000000008f600000| Untracked 
| 247|0x000000008f700000, 0x000000008f700000, 0x000000008f800000|  0%| F|  |TAMS 0x000000008f700000, 0x000000008f700000| Untracked 
| 248|0x000000008f800000, 0x000000008f800000, 0x000000008f900000|  0%| F|  |TAMS 0x000000008f800000, 0x000000008f800000| Untracked 
| 249|0x000000008f900000, 0x000000008f900000, 0x000000008fa00000|  0%| F|  |TAMS 0x000000008f900000, 0x000000008f900000| Untracked 
| 250|0x000000008fa00000, 0x000000008fa00000, 0x000000008fb00000|  0%| F|  |TAMS 0x000000008fa00000, 0x000000008fa00000| Untracked 
| 251|0x000000008fb00000, 0x000000008fb00000, 0x000000008fc00000|  0%| F|  |TAMS 0x000000008fb00000, 0x000000008fb00000| Untracked 
| 252|0x000000008fc00000, 0x000000008fc00000, 0x000000008fd00000|  0%| F|  |TAMS 0x000000008fc00000, 0x000000008fc00000| Untracked 
| 253|0x000000008fd00000, 0x000000008fd00000, 0x000000008fe00000|  0%| F|  |TAMS 0x000000008fd00000, 0x000000008fd00000| Untracked 

Card table byte_map: [0x000001720f400000,0x000001720f800000] _byte_map_base: 0x000001720f000000

Marking Bits (Prev, Next): (CMBitMap*) 0x000001727bfebd78, (CMBitMap*) 0x000001727bfebdb0
 Prev Bits: [0x000001720fc00000, 0x0000017211c00000)
 Next Bits: [0x0000017211c00000, 0x0000017213c00000)

Polling page: 0x0000017279ef0000

Metaspace:

Usage:
  Non-class:     35.14 MB capacity,    34.59 MB ( 98%) used,   464.48 KB (  1%) free+waste,    96.44 KB ( <1%) overhead. 
      Class:      5.36 MB capacity,     5.01 MB ( 93%) used,   321.43 KB (  6%) free+waste,    46.19 KB ( <1%) overhead. 
       Both:     40.50 MB capacity,    39.59 MB ( 98%) used,   785.91 KB (  2%) free+waste,   142.63 KB ( <1%) overhead. 

Virtual space:
  Non-class space:       48.00 MB reserved,      35.15 MB ( 73%) committed 
      Class space:        1.00 GB reserved,       5.38 MB ( <1%) committed 
             Both:        1.05 GB reserved,      40.53 MB (  4%) committed 

Chunk freelists:
   Non-Class:  16.00 KB
       Class:  11.00 KB
        Both:  27.00 KB

MaxMetaspaceSize: 17179869184.00 GB
CompressedClassSpaceSize: 1.00 GB
Initial GC threshold: 20.80 MB
Current GC threshold: 59.54 MB
CDS: off

CodeHeap 'non-profiled nmethods': size=120000Kb used=2110Kb max_used=2110Kb free=117889Kb
 bounds [0x0000017207ad0000, 0x0000017207d40000, 0x000001720f000000]
CodeHeap 'profiled nmethods': size=120000Kb used=7612Kb max_used=7612Kb free=112388Kb
 bounds [0x00000172005a0000, 0x0000017200d10000, 0x0000017207ad0000]
CodeHeap 'non-nmethods': size=5760Kb used=2273Kb max_used=2315Kb free=3486Kb
 bounds [0x0000017200000000, 0x0000017200270000, 0x00000172005a0000]
 total_blobs=4320 nmethods=3553 adapters=678
 compilation: enabled
              stopped_count=0, restarted_count=0
 full_count=0

Compilation events (20 events):
Event: 5.772 Thread 0x0000017219330800 nmethod 3464 0x0000017207cd6690 code [0x0000017207cd6840, 0x0000017207cd6928]
Event: 5.778 Thread 0x0000017217179000 3468       3       java.util.concurrent.locks.AbstractQueuedSynchronizer$ConditionObject::addConditionWaiter (79 bytes)
Event: 5.779 Thread 0x0000017217179000 nmethod 3468 0x0000017200cd7b10 code [0x0000017200cd7e00, 0x0000017200cd8c88]
Event: 5.779 Thread 0x0000017217179000 3469       3       java.util.concurrent.locks.AbstractQueuedSynchronizer$Node::<init> (23 bytes)
Event: 5.780 Thread 0x0000017217179000 nmethod 3469 0x0000017200cd9190 code [0x0000017200cd9460, 0x0000017200cda138]
Event: 5.783 Thread 0x0000017217179000 3470  s    3       java.io.BufferedOutputStream::write (35 bytes)
Event: 5.783 Thread 0x0000017217179000 nmethod 3470 0x0000017200cda590 code [0x0000017200cda760, 0x0000017200cdabc8]
Event: 5.786 Thread 0x0000017217177000 nmethod 3422 0x0000017207cd6a90 code [0x0000017207cd6e20, 0x0000017207cdb3c8]
Event: 5.861 Thread 0x0000017217179000 3471       3       org.gradle.internal.instantiation.generator.AbstractClassGenerator::isPropertyType (33 bytes)
Event: 5.861 Thread 0x0000017217179000 nmethod 3471 0x0000017200cdad90 code [0x0000017200cdaf80, 0x0000017200cdb1e8]
Event: 5.861 Thread 0x0000017217179000 3473       3       java.lang.reflect.Constructor::setAccessible (21 bytes)
Event: 5.861 Thread 0x0000017217179000 nmethod 3473 0x0000017200cdb310 code [0x0000017200cdb540, 0x0000017200cdbbd8]
Event: 5.861 Thread 0x0000017217179000 3472       1       com.google.common.collect.LinkedHashMultimap$ValueSet::access$000 (5 bytes)
Event: 5.861 Thread 0x0000017217179000 nmethod 3472 0x0000017207cdc190 code [0x0000017207cdc340, 0x0000017207cdc3d8]
Event: 5.862 Thread 0x0000017217177000 3474       4       org.codehaus.groovy.runtime.metaclass.MetaMethodIndex::addMethodToList (131 bytes)
Event: 5.862 Thread 0x0000017217179000 3475       3       java.util.Arrays$ArrayList::toArray (15 bytes)
Event: 5.862 Thread 0x0000017217179000 nmethod 3475 0x0000017200cdbe10 code [0x0000017200cdbfc0, 0x0000017200cdc108]
Event: 5.862 Thread 0x0000017219330800 3476       4       org.codehaus.groovy.runtime.metaclass.MetaMethodIndex::getOrPutMethods (184 bytes)
Event: 5.866 Thread 0x0000017217179000 3480       1       com.google.common.collect.MapMakerInternalMap$AbstractStrongKeyEntry::getHash (5 bytes)
Event: 5.866 Thread 0x0000017217179000 nmethod 3480 0x0000017207cdc490 code [0x0000017207cdc640, 0x0000017207cdc6f8]

GC Heap History (8 events):
Event: 0.717 GC heap before
{Heap before GC invocations=0 (full 0):
 garbage-first heap   total 260096K, used 29696K [0x0000000080000000, 0x0000000100000000)
  region size 1024K, 24 young (24576K), 0 survivors (0K)
 Metaspace       used 10076K, capacity 10265K, committed 10368K, reserved 1058816K
  class space    used 1035K, capacity 1108K, committed 1152K, reserved 1048576K
}
Event: 0.721 GC heap after
{Heap after GC invocations=1 (full 0):
 garbage-first heap   total 260096K, used 9333K [0x0000000080000000, 0x0000000100000000)
  region size 1024K, 3 young (3072K), 3 survivors (3072K)
 Metaspace       used 10076K, capacity 10265K, committed 10368K, reserved 1058816K
  class space    used 1035K, capacity 1108K, committed 1152K, reserved 1048576K
}
Event: 2.648 GC heap before
{Heap before GC invocations=1 (full 0):
 garbage-first heap   total 260096K, used 114805K [0x0000000080000000, 0x0000000100000000)
  region size 1024K, 107 young (109568K), 3 survivors (3072K)
 Metaspace       used 20798K, capacity 21193K, committed 21296K, reserved 1069056K
  class space    used 2532K, capacity 2688K, committed 2688K, reserved 1048576K
}
Event: 2.663 GC heap after
{Heap after GC invocations=2 (full 0):
 garbage-first heap   total 260096K, used 17003K [0x0000000080000000, 0x0000000100000000)
  region size 1024K, 11 young (11264K), 11 survivors (11264K)
 Metaspace       used 20798K, capacity 21193K, committed 21296K, reserved 1069056K
  class space    used 2532K, capacity 2688K, committed 2688K, reserved 1048576K
}
Event: 3.153 GC heap before
{Heap before GC invocations=3 (full 0):
 garbage-first heap   total 260096K, used 53867K [0x0000000080000000, 0x0000000100000000)
  region size 1024K, 47 young (48128K), 11 survivors (11264K)
 Metaspace       used 24321K, capacity 24831K, committed 25088K, reserved 1071104K
  class space    used 3098K, capacity 3287K, committed 3328K, reserved 1048576K
}
Event: 3.159 GC heap after
{Heap after GC invocations=4 (full 0):
 garbage-first heap   total 260096K, used 18393K [0x0000000080000000, 0x0000000100000000)
  region size 1024K, 2 young (2048K), 2 survivors (2048K)
 Metaspace       used 24321K, capacity 24831K, committed 25088K, reserved 1071104K
  class space    used 3098K, capacity 3287K, committed 3328K, reserved 1048576K
}
Event: 4.376 GC heap before
{Heap before GC invocations=4 (full 0):
 garbage-first heap   total 260096K, used 100313K [0x0000000080000000, 0x0000000100000000)
  region size 1024K, 83 young (84992K), 2 survivors (2048K)
 Metaspace       used 35175K, capacity 35970K, committed 36048K, reserved 1081344K
  class space    used 4528K, capacity 4838K, committed 4864K, reserved 1048576K
}
Event: 4.384 GC heap after
{Heap after GC invocations=5 (full 0):
 garbage-first heap   total 260096K, used 22374K [0x0000000080000000, 0x0000000100000000)
  region size 1024K, 6 young (6144K), 6 survivors (6144K)
 Metaspace       used 35175K, capacity 35970K, committed 36048K, reserved 1081344K
  class space    used 4528K, capacity 4838K, committed 4864K, reserved 1048576K
}

Deoptimization events (20 events):
Event: 5.303 Thread 0x000001721a791000 Uncommon trap: trap_request=0xffffffbe fr.pc=0x0000017207c51110 relative=0x0000000000003c70
Event: 5.303 Thread 0x000001721a791000 Uncommon trap: reason=profile_predicate action=maybe_recompile pc=0x0000017207c51110 method=java.util.AbstractCollection.addAll(Ljava/util/Collection;)Z @ 15 c2
Event: 5.303 Thread 0x000001721a791000 DEOPT PACKING pc=0x0000017207c51110 sp=0x0000005ff2cf95c0
Event: 5.303 Thread 0x000001721a791000 DEOPT UNPACKING pc=0x000001720004a1af sp=0x0000005ff2cf95d8 mode 2
Event: 5.399 Thread 0x000001721a791000 Uncommon trap: trap_request=0xffffffbe fr.pc=0x0000017207c9c16c relative=0x000000000000070c
Event: 5.399 Thread 0x000001721a791000 Uncommon trap: reason=profile_predicate action=maybe_recompile pc=0x0000017207c9c16c method=java.lang.PublicMethods$MethodList.filter([Ljava/lang/reflect/Method;Ljava/lang/String;[Ljava/lang/Class;Z)Ljava/lang/PublicMethods$MethodList; @ 21 c2
Event: 5.399 Thread 0x000001721a791000 DEOPT PACKING pc=0x0000017207c9c16c sp=0x0000005ff2cf8ba0
Event: 5.399 Thread 0x000001721a791000 DEOPT UNPACKING pc=0x000001720004a1af sp=0x0000005ff2cf8b58 mode 2
Event: 5.399 Thread 0x000001721a791000 Uncommon trap: trap_request=0xffffffbe fr.pc=0x0000017207c9c16c relative=0x000000000000070c
Event: 5.399 Thread 0x000001721a791000 Uncommon trap: reason=profile_predicate action=maybe_recompile pc=0x0000017207c9c16c method=java.lang.PublicMethods$MethodList.filter([Ljava/lang/reflect/Method;Ljava/lang/String;[Ljava/lang/Class;Z)Ljava/lang/PublicMethods$MethodList; @ 21 c2
Event: 5.399 Thread 0x000001721a791000 DEOPT PACKING pc=0x0000017207c9c16c sp=0x0000005ff2cf8b80
Event: 5.399 Thread 0x000001721a791000 DEOPT UNPACKING pc=0x000001720004a1af sp=0x0000005ff2cf8b38 mode 2
Event: 5.460 Thread 0x00000172190da000 Uncommon trap: trap_request=0xffffffbe fr.pc=0x0000017207c79f30 relative=0x0000000000000530
Event: 5.460 Thread 0x00000172190da000 Uncommon trap: reason=profile_predicate action=maybe_recompile pc=0x0000017207c79f30 method=java.util.stream.ReferencePipeline.forEachWithCancel(Ljava/util/Spliterator;Ljava/util/stream/Sink;)Z @ 8 c2
Event: 5.460 Thread 0x00000172190da000 DEOPT PACKING pc=0x0000017207c79f30 sp=0x0000005ff28fe9b0
Event: 5.460 Thread 0x00000172190da000 DEOPT UNPACKING pc=0x000001720004a1af sp=0x0000005ff28fe950 mode 2
Event: 5.781 Thread 0x000001721a791000 Uncommon trap: trap_request=0xffffffbe fr.pc=0x0000017207c79f30 relative=0x0000000000000530
Event: 5.781 Thread 0x000001721a791000 Uncommon trap: reason=profile_predicate action=maybe_recompile pc=0x0000017207c79f30 method=java.util.stream.ReferencePipeline.forEachWithCancel(Ljava/util/Spliterator;Ljava/util/stream/Sink;)Z @ 8 c2
Event: 5.781 Thread 0x000001721a791000 DEOPT PACKING pc=0x0000017207c79f30 sp=0x0000005ff2cf8bd0
Event: 5.781 Thread 0x000001721a791000 DEOPT UNPACKING pc=0x000001720004a1af sp=0x0000005ff2cf8b70 mode 2

Classes redefined (0 events):
No events

Internal exceptions (20 events):
Event: 5.491 Thread 0x000001721a791000 Exception <a 'java/lang/ClassNotFoundException'{0x000000008d254378}: org/gradle/plugin/management/internal/DefaultPluginManagementSpecBeanInfo> (0x000000008d254378) thrown at [./src/hotspot/share/classfile/systemDictionary.cpp, line 231]
Event: 5.492 Thread 0x000001721a791000 Exception <a 'java/lang/ClassNotFoundException'{0x000000008d28eb80}: org/gradle/plugin/management/internal/DefaultPluginManagementSpecCustomizer> (0x000000008d28eb80) thrown at [./src/hotspot/share/classfile/systemDictionary.cpp, line 231]
Event: 5.494 Thread 0x000001721a791000 Exception <a 'java/lang/ClassNotFoundException'{0x000000008d2db9c0}: org/gradle/plugin/management/internal/DefaultPluginManagementSpec_DecoratedCustomizer> (0x000000008d2db9c0) thrown at [./src/hotspot/share/classfile/systemDictionary.cpp, line 231]
Event: 5.525 Thread 0x000001721a791000 Exception <a 'java/lang/ClassNotFoundException'{0x000000008cd74e00}: org/gradle/api/internal/artifacts/dsl/DefaultRepositoryHandler_DecoratedBeanInfo> (0x000000008cd74e00) thrown at [./src/hotspot/share/classfile/systemDictionary.cpp, line 231]
Event: 5.526 Thread 0x000001721a791000 Exception <a 'java/lang/ClassNotFoundException'{0x000000008cdb0220}: org/gradle/api/internal/artifacts/dsl/DefaultRepositoryHandlerBeanInfo> (0x000000008cdb0220) thrown at [./src/hotspot/share/classfile/systemDictionary.cpp, line 231]
Event: 5.528 Thread 0x000001721a791000 Exception <a 'java/lang/ClassNotFoundException'{0x000000008cdeda68}: org/gradle/api/internal/artifacts/DefaultArtifactRepositoryContainerBeanInfo> (0x000000008cdeda68) thrown at [./src/hotspot/share/classfile/systemDictionary.cpp, line 231]
Event: 5.529 Thread 0x000001721a791000 Exception <a 'java/lang/ClassNotFoundException'{0x000000008cc199d8}: org/gradle/api/internal/DefaultNamedDomainObjectListBeanInfo> (0x000000008cc199d8) thrown at [./src/hotspot/share/classfile/systemDictionary.cpp, line 231]
Event: 5.530 Thread 0x000001721a791000 Exception <a 'java/lang/ClassNotFoundException'{0x000000008cc466b8}: org/gradle/api/internal/DefaultNamedDomainObjectCollectionBeanInfo> (0x000000008cc466b8) thrown at [./src/hotspot/share/classfile/systemDictionary.cpp, line 231]
Event: 5.531 Thread 0x000001721a791000 Exception <a 'java/lang/ClassNotFoundException'{0x000000008cc721d0}: org/gradle/api/internal/DefaultDomainObjectCollectionBeanInfo> (0x000000008cc721d0) thrown at [./src/hotspot/share/classfile/systemDictionary.cpp, line 231]
Event: 5.532 Thread 0x000001721a791000 Exception <a 'java/lang/ClassNotFoundException'{0x000000008cc78878}: java/util/AbstractCollectionBeanInfo> (0x000000008cc78878) thrown at [./src/hotspot/share/classfile/systemDictionary.cpp, line 231]
Event: 5.532 Thread 0x000001721a791000 Exception <a 'java/lang/ClassNotFoundException'{0x000000008cc7eec8}: java/util/AbstractCollectionCustomizer> (0x000000008cc7eec8) thrown at [./src/hotspot/share/classfile/systemDictionary.cpp, line 231]
Event: 5.535 Thread 0x000001721a791000 Exception <a 'java/lang/ClassNotFoundException'{0x000000008ccb3f68}: org/gradle/api/internal/DefaultDomainObjectCollectionCustomizer> (0x000000008ccb3f68) thrown at [./src/hotspot/share/classfile/systemDictionary.cpp, line 231]
Event: 5.540 Thread 0x000001721a791000 Exception <a 'java/lang/ClassNotFoundException'{0x000000008ccfe268}: org/gradle/api/internal/DefaultNamedDomainObjectCollectionCustomizer> (0x000000008ccfe268) thrown at [./src/hotspot/share/classfile/systemDictionary.cpp, line 231]
Event: 5.552 Thread 0x000001721a791000 Exception <a 'java/lang/ClassNotFoundException'{0x000000008cb79978}: org/gradle/api/internal/DefaultNamedDomainObjectListCustomizer> (0x000000008cb79978) thrown at [./src/hotspot/share/classfile/systemDictionary.cpp, line 231]
Event: 5.556 Thread 0x000001721a791000 Exception <a 'java/lang/ClassNotFoundException'{0x000000008cbd10a8}: org/gradle/api/internal/artifacts/DefaultArtifactRepositoryContainerCustomizer> (0x000000008cbd10a8) thrown at [./src/hotspot/share/classfile/systemDictionary.cpp, line 231]
Event: 5.560 Thread 0x000001721a791000 Exception <a 'java/lang/ClassNotFoundException'{0x000000008ca1df98}: org/gradle/api/internal/artifacts/dsl/DefaultRepositoryHandlerCustomizer> (0x000000008ca1df98) thrown at [./src/hotspot/share/classfile/systemDictionary.cpp, line 231]
Event: 5.564 Thread 0x000001721a791000 Exception <a 'java/lang/ClassNotFoundException'{0x000000008ca7c9b0}: org/gradle/api/internal/artifacts/dsl/DefaultRepositoryHandler_DecoratedCustomizer> (0x000000008ca7c9b0) thrown at [./src/hotspot/share/classfile/systemDictionary.cpp, line 231]
Event: 5.692 Thread 0x000001721a791000 Exception <a 'java/lang/NoSuchMethodError'{0x000000008c6b5370}: 'void java.lang.invoke.DirectMethodHandle$Holder.invokeInterface(java.lang.Object, java.lang.Object)'> (0x000000008c6b5370) thrown at [./src/hotspot/share/interpreter/linkResolver.cpp, line 773]
Event: 5.863 Thread 0x000001721a791000 Exception <a 'java/lang/ClassNotFoundException'{0x000000008c4b5bc0}: settings_9jqqlfcp4o7xgba84zk7x0irfBeanInfo> (0x000000008c4b5bc0) thrown at [./src/hotspot/share/classfile/systemDictionary.cpp, line 231]
Event: 5.864 Thread 0x000001721a791000 Exception <a 'java/lang/ClassNotFoundException'{0x000000008c4c1510}: settings_9jqqlfcp4o7xgba84zk7x0irfCustomizer> (0x000000008c4c1510) thrown at [./src/hotspot/share/classfile/systemDictionary.cpp, line 231]

Events (20 events):
Event: 5.863 loading class settings_9jqqlfcp4o7xgba84zk7x0irfBeanInfo
Event: 5.863 loading class settings_9jqqlfcp4o7xgba84zk7x0irfBeanInfo done
Event: 5.863 loading class settings_9jqqlfcp4o7xgba84zk7x0irfBeanInfo
Event: 5.863 loading class settings_9jqqlfcp4o7xgba84zk7x0irfBeanInfo done
Event: 5.864 loading class settings_9jqqlfcp4o7xgba84zk7x0irfCustomizer
Event: 5.864 loading class settings_9jqqlfcp4o7xgba84zk7x0irfCustomizer done
Event: 5.864 loading class settings_9jqqlfcp4o7xgba84zk7x0irfCustomizer
Event: 5.864 loading class settings_9jqqlfcp4o7xgba84zk7x0irfCustomizer done
Event: 5.866 loading class groovy/runtime/metaclass/settings_9jqqlfcp4o7xgba84zk7x0irf$_run_closure1MetaClass
Event: 5.866 loading class groovy/runtime/metaclass/settings_9jqqlfcp4o7xgba84zk7x0irf$_run_closure1MetaClass done
Event: 5.867 loading class org/codehaus/groovy/runtime/callsite/PogoGetPropertySite
Event: 5.867 loading class org/codehaus/groovy/runtime/callsite/PogoGetPropertySite done
Event: 5.867 loading class groovy/runtime/metaclass/org/gradle/internal/management/DefaultDependencyResolutionManagement_DecoratedMetaClass
Event: 5.867 loading class groovy/runtime/metaclass/org/gradle/internal/management/DefaultDependencyResolutionManagement_DecoratedMetaClass done
Event: 5.868 loading class org/gradle/api/internal/project/ProjectStateInternal
Event: 5.868 loading class org/gradle/api/internal/project/ProjectStateInternal done
Event: 5.868 loading class org/gradle/api/internal/tasks/TaskContainerInternal
Event: 5.868 loading class org/gradle/api/internal/tasks/TaskContainerInternal done
Event: 5.870 loading class org/gradle/api/internal/project/ProjectInternal$DetachedResolver
Event: 5.870 loading class org/gradle/api/internal/project/ProjectInternal$DetachedResolver done


Dynamic libraries:
0x00007ff793ba0000 - 0x00007ff793baa000 	E:\Program Files Custom Creation\Android Studio\jre\bin\java.exe
0x00007ffd6b580000 - 0x00007ffd6b789000 	C:\WINDOWS\SYSTEM32\ntdll.dll
0x00007ffd6a410000 - 0x00007ffd6a4ce000 	C:\WINDOWS\System32\KERNEL32.DLL
0x00007ffd69010000 - 0x00007ffd6938b000 	C:\WINDOWS\System32\KERNELBASE.dll
0x0000000063da0000 - 0x00000000640d0000 	C:\Program Files\Norton Security\NortonData\22.16.1.4\Definitions\IPSDefs\20221118.061\IPSEng64.dll
0x00007ffd6a600000 - 0x00007ffd6a6ae000 	C:\WINDOWS\System32\ADVAPI32.dll
0x00007ffd6a840000 - 0x00007ffd6a8e3000 	C:\WINDOWS\System32\msvcrt.dll
0x00007ffd6a560000 - 0x00007ffd6a5fe000 	C:\WINDOWS\System32\sechost.dll
0x00007ffd69410000 - 0x00007ffd69530000 	C:\WINDOWS\System32\RPCRT4.dll
0x00007ffd69f30000 - 0x00007ffd69f38000 	C:\WINDOWS\System32\PSAPI.DLL
0x00007ffd68c60000 - 0x00007ffd68d71000 	C:\WINDOWS\System32\ucrtbase.dll
0x00007ffd08ba0000 - 0x00007ffd08bb7000 	E:\Program Files Custom Creation\Android Studio\jre\bin\VCRUNTIME140.dll
0x00007ffd08b80000 - 0x00007ffd08b99000 	E:\Program Files Custom Creation\Android Studio\jre\bin\jli.dll
0x00007ffd69d00000 - 0x00007ffd69ead000 	C:\WINDOWS\System32\USER32.dll
0x00007ffd68e00000 - 0x00007ffd68e26000 	C:\WINDOWS\System32\win32u.dll
0x00007ffd5cf90000 - 0x00007ffd5d235000 	C:\WINDOWS\WinSxS\amd64_microsoft.windows.common-controls_6595b64144ccf1df_6.0.22000.120_none_9d947278b86cc467\COMCTL32.dll
0x00007ffd6b340000 - 0x00007ffd6b369000 	C:\WINDOWS\System32\GDI32.dll
0x00007ffd68ef0000 - 0x00007ffd69008000 	C:\WINDOWS\System32\gdi32full.dll
0x00007ffd68bc0000 - 0x00007ffd68c5d000 	C:\WINDOWS\System32\msvcp_win.dll
0x00007ffd6a6b0000 - 0x00007ffd6a6e2000 	C:\WINDOWS\System32\IMM32.DLL
0x00007ffd08a00000 - 0x00007ffd08a9d000 	E:\Program Files Custom Creation\Android Studio\jre\bin\msvcp140.dll
0x00007ffc4b110000 - 0x00007ffc4bc12000 	E:\Program Files Custom Creation\Android Studio\jre\bin\server\jvm.dll
0x00007ffd617d0000 - 0x00007ffd61803000 	C:\WINDOWS\SYSTEM32\WINMM.dll
0x00007ffd62390000 - 0x00007ffd6239a000 	C:\WINDOWS\SYSTEM32\VERSION.dll
0x00007ffd3f350000 - 0x00007ffd3f359000 	C:\WINDOWS\SYSTEM32\WSOCK32.dll
0x00007ffd6a7d0000 - 0x00007ffd6a83f000 	C:\WINDOWS\System32\WS2_32.dll
0x00007ffd67bc0000 - 0x00007ffd67bd8000 	C:\WINDOWS\SYSTEM32\kernel.appcore.dll
0x00007ffc78160000 - 0x00007ffc78171000 	E:\Program Files Custom Creation\Android Studio\jre\bin\verify.dll
0x00007ffd543c0000 - 0x00007ffd545e1000 	C:\WINDOWS\SYSTEM32\DBGHELP.DLL
0x00007ffd50310000 - 0x00007ffd50341000 	C:\WINDOWS\SYSTEM32\dbgcore.DLL
0x00007ffd68d80000 - 0x00007ffd68dff000 	C:\WINDOWS\System32\bcryptPrimitives.dll
0x00007ffc77eb0000 - 0x00007ffc77ed9000 	E:\Program Files Custom Creation\Android Studio\jre\bin\java.dll
0x00007ffd09630000 - 0x00007ffd0963b000 	E:\Program Files Custom Creation\Android Studio\jre\bin\jimage.dll
0x00007ffc77970000 - 0x00007ffc77988000 	E:\Program Files Custom Creation\Android Studio\jre\bin\zip.dll
0x00007ffd6a8f0000 - 0x00007ffd6b0a8000 	C:\WINDOWS\System32\SHELL32.dll
0x00007ffd66b20000 - 0x00007ffd67385000 	C:\WINDOWS\SYSTEM32\windows.storage.dll
0x00007ffd697f0000 - 0x00007ffd69b68000 	C:\WINDOWS\System32\combase.dll
0x00007ffd669b0000 - 0x00007ffd66b16000 	C:\WINDOWS\SYSTEM32\wintypes.dll
0x00007ffd6b0b0000 - 0x00007ffd6b19a000 	C:\WINDOWS\System32\SHCORE.dll
0x00007ffd69530000 - 0x00007ffd6958d000 	C:\WINDOWS\System32\shlwapi.dll
0x00007ffd68980000 - 0x00007ffd689a1000 	C:\WINDOWS\SYSTEM32\profapi.dll
0x00007ffc77950000 - 0x00007ffc7796a000 	E:\Program Files Custom Creation\Android Studio\jre\bin\net.dll
0x00007ffd631e0000 - 0x00007ffd632f4000 	C:\WINDOWS\SYSTEM32\WINHTTP.dll
0x00007ffd68060000 - 0x00007ffd680c7000 	C:\WINDOWS\system32\mswsock.dll
0x00007ffc77930000 - 0x00007ffc77944000 	E:\Program Files Custom Creation\Android Studio\jre\bin\nio.dll
0x00007ffd2c810000 - 0x00007ffd2c837000 	C:\Users\Robin_V.MSI\.gradle\native\e1d6ef7f7dcc3fd88c89a11ec53ec762bb8ba0a96d01ffa2cd45eb1d1d8dd5c5\windows-amd64\native-platform.dll
0x00007ffc77640000 - 0x00007ffc77784000 	C:\Users\Robin_V.MSI\.gradle\native\0d407fdbe67a94daf76414ababcb853783967236a71b16ec16e742cd7a986fd3\windows-amd64\native-platform-file-events.dll
0x00007ffd08770000 - 0x00007ffd0877a000 	E:\Program Files Custom Creation\Android Studio\jre\bin\management.dll
0x00007ffd073a0000 - 0x00007ffd073ad000 	E:\Program Files Custom Creation\Android Studio\jre\bin\management_ext.dll
0x00007ffd682a0000 - 0x00007ffd682b8000 	C:\WINDOWS\SYSTEM32\CRYPTSP.dll
0x00007ffd67b20000 - 0x00007ffd67b55000 	C:\WINDOWS\system32\rsaenh.dll
0x00007ffd68150000 - 0x00007ffd68179000 	C:\WINDOWS\SYSTEM32\USERENV.dll
0x00007ffd68430000 - 0x00007ffd68457000 	C:\WINDOWS\SYSTEM32\bcrypt.dll
0x00007ffd682c0000 - 0x00007ffd682cc000 	C:\WINDOWS\SYSTEM32\CRYPTBASE.dll
0x00007ffd67640000 - 0x00007ffd6766d000 	C:\WINDOWS\SYSTEM32\IPHLPAPI.DLL
0x00007ffd69760000 - 0x00007ffd69769000 	C:\WINDOWS\System32\NSI.dll
0x00007ffd633f0000 - 0x00007ffd63409000 	C:\WINDOWS\SYSTEM32\dhcpcsvc6.DLL
0x00007ffd63930000 - 0x00007ffd6394e000 	C:\WINDOWS\SYSTEM32\dhcpcsvc.DLL
0x00007ffd67670000 - 0x00007ffd67758000 	C:\WINDOWS\SYSTEM32\DNSAPI.dll

dbghelp: loaded successfully - version: 4.0.5 - missing functions: none
symbol engine: initialized successfully - sym options: 0x614 - pdb path: .;E:\Program Files Custom Creation\Android Studio\jre\bin;C:\WINDOWS\SYSTEM32;C:\Program Files\Norton Security\NortonData\22.16.1.4\Definitions\IPSDefs\20221118.061;C:\WINDOWS\WinSxS\amd64_microsoft.windows.common-controls_6595b64144ccf1df_6.0.22000.120_none_9d947278b86cc467;E:\Program Files Custom Creation\Android Studio\jre\bin\server;C:\Users\Robin_V.MSI\.gradle\native\e1d6ef7f7dcc3fd88c89a11ec53ec762bb8ba0a96d01ffa2cd45eb1d1d8dd5c5\windows-amd64;C:\Users\Robin_V.MSI\.gradle\native\0d407fdbe67a94daf76414ababcb853783967236a71b16ec16e742cd7a986fd3\windows-amd64

VM Arguments:
jvm_args: --add-opens=java.base/java.util=ALL-UNNAMED --add-opens=java.base/java.lang=ALL-UNNAMED --add-opens=java.base/java.lang.invoke=ALL-UNNAMED --add-opens=java.base/java.util=ALL-UNNAMED --add-opens=java.prefs/java.util.prefs=ALL-UNNAMED --add-opens=java.prefs/java.util.prefs=ALL-UNNAMED --add-opens=java.base/java.nio.charset=ALL-UNNAMED --add-opens=java.base/java.net=ALL-UNNAMED --add-opens=java.base/java.util.concurrent.atomic=ALL-UNNAMED -Xmx2048m -Dfile.encoding=UTF-8 -Duser.country=GB -Duser.language=en -Duser.variant 
java_command: org.gradle.launcher.daemon.bootstrap.GradleDaemon 7.4
java_class_path (initial): C:\Users\Robin_V.MSI\.gradle\wrapper\dists\gradle-7.4-bin\c0gwcg53nkjbqw7r0h0umtfvt\gradle-7.4\lib\gradle-launcher-7.4.jar
Launcher Type: SUN_STANDARD

[Global flags]
     intx CICompilerCount                          = 4                                         {product} {ergonomic}
     uint ConcGCThreads                            = 3                                         {product} {ergonomic}
     uint G1ConcRefinementThreads                  = 10                                        {product} {ergonomic}
   size_t G1HeapRegionSize                         = 1048576                                   {product} {ergonomic}
    uintx GCDrainStackTargetSize                   = 64                                        {product} {ergonomic}
   size_t InitialHeapSize                          = 266338304                                 {product} {ergonomic}
   size_t MarkStackSize                            = 4194304                                   {product} {ergonomic}
   size_t MaxHeapSize                              = 2147483648                                {product} {command line}
   size_t MaxNewSize                               = 1287651328                                {product} {ergonomic}
   size_t MinHeapDeltaBytes                        = 1048576                                   {product} {ergonomic}
    uintx NonNMethodCodeHeapSize                   = 5836300                                {pd product} {ergonomic}
    uintx NonProfiledCodeHeapSize                  = 122910970                              {pd product} {ergonomic}
    uintx ProfiledCodeHeapSize                     = 122910970                              {pd product} {ergonomic}
    uintx ReservedCodeCacheSize                    = 251658240                              {pd product} {ergonomic}
     bool SegmentedCodeCache                       = true                                      {product} {ergonomic}
     bool UseCompressedClassPointers               = true                                 {lp64_product} {ergonomic}
     bool UseCompressedOops                        = true                                 {lp64_product} {ergonomic}
     bool UseG1GC                                  = true                                      {product} {ergonomic}
     bool UseLargePagesIndividualAllocation        = false                                  {pd product} {ergonomic}

Logging:
Log output configuration:
 #0: stdout all=warning uptime,level,tags
 #1: stderr all=off uptime,level,tags

Environment Variables:
PATH=C:\Program Files\Common Files\Oracle\Java\javapath;C:\Program Files (x86)\Razer Chroma SDK\bin;C:\Program Files\Razer Chroma SDK\bin;C:\Program Files (x86)\Razer\ChromaBroadcast\bin;C:\Program Files\Razer\ChromaBroadcast\bin;C:\Program Files (x86)\Common Files\Oracle\Java\javapath;C:\Windows\system32;C:\Windows;C:\Windows\System32\Wbem;C:\Windows\System32\WindowsPowerShell\v1.0\;C:\Windows\System32\OpenSSH\;C:\Program Files (x86)\NVIDIA Corporation\PhysX\Common;C:\Program Files\NVIDIA Corporation\NVIDIA NvDLISR;C:\Program Files\Intel\WiFi\bin\;C:\Program Files\Common Files\Intel\WirelessCommon\;C:\WINDOWS\system32;C:\WINDOWS;C:\WINDOWS\System32\Wbem;C:\WINDOWS\System32\WindowsPowerShell\v1.0\;C:\WINDOWS\System32\OpenSSH\;C:\Program Files\Microsoft SQL Server\130\Tools\Binn\;C:\Users\Robin V\AppData\Local\Microsoft\WindowsApps;C:\Users\Robin V\.dotnet\tools;C:\Program Files\Java\jdk-13.0.2\bin;C:\Program Files\Microsoft SQL Server\Client SDK\ODBC\170\Tools\Binn\;C:\Program Files\dotnet\;C:\WINDOWS\system32;C:\WINDOWS;C:\WINDOWS\System32\Wbem;C:\WINDOWS\System32\WindowsPowerShell\v1.0\;C:\WINDOWS\System32\OpenSSH\;C:\Program Files\Git\cmd;C:\ProgramData\chocolatey\bin;D:\PUTTY\;C:\Program Files (x86)\Microsoft SQL Server\150\Tools\Binn\;C:\Program Files\Microsoft SQL Server\150\Tools\Binn\;C:\Program Files\Microsoft SQL Server\150\DTS\Binn\;C:\Program Files (x86)\Microsoft SQL Server\150\DTS\Binn\;C:\Program Files (x86)\Yarn\bin\;C:\Program Files\nodejs\;C:\Users\Robin_V.MSI\AppData\Local\Programs\Python\Python310\Scripts\;C:\Users\Robin_V.MSI\AppData\Local\Programs\Python\Python310\;C:\Users\Robin_V.MSI\AppData\Local\Microsoft\WindowsApps;D:\Microsoft VS Code\bin;C:\Users\Robin_V.MSI\AppData\Local\Yarn\bin;C:\Users\Robin_V.MSI\AppData\Roaming\npm;C:\Users\Robin_V.MSI\AppData\Local\Programs\MiKTeX\miktex\bin\x64\;C:\Users\Robin_V.MSI\.dotnet\tools
USERNAME=Robin_V
OS=Windows_NT
PROCESSOR_IDENTIFIER=Intel64 Family 6 Model 158 Stepping 10, GenuineIntel



---------------  S Y S T E M  ---------------

OS: Windows 11 , 64 bit Build 22000 (10.0.22000.1219)
OS uptime: 0 days 6:57 hours

CPU:total 12 (initial active 12) (6 cores per cpu, 2 threads per core) family 6 model 158 stepping 10 microcode 0xde, cmov, cx8, fxsr, mmx, sse, sse2, sse3, ssse3, sse4.1, sse4.2, popcnt, avx, avx2, aes, clmul, erms, 3dnowpref, lzcnt, ht, tsc, tscinvbit, bmi1, bmi2, adx, fma

Memory: 4k page, system-wide physical 16226M (1158M free)
TotalPageFile size 32226M (AvailPageFile size 2202M)
current process WorkingSet (physical memory assigned to process): 302M, peak: 307M
current process commit charge ("private bytes"): 462M, peak: 469M

vm_info: OpenJDK 64-Bit Server VM (11.0.13+0-b1751.21-8125866) for windows-amd64 JRE (11.0.13+0-b1751.21-8125866), built on Feb  2 2022 03:00:22 by "builder" with MS VC++ 14.0 (VS2015)

END.
